Nuitka-Options: Used command line options:
Nuitka-Options:   --standalone --macos-create-app-bundle --enable-plugin=pyside6 --nofollow-import-to=PySide6.QtWebEngineCore --noinclude-qt-plugins=webengine,3d --include-package=PIL --output-dir=dist_nuitka --product-name=ImageGroupNavigator --company-name=iru --macos-app-name=ImageGroupNavigator --macos-app-icon=none image_group_navigator_pyside6.py
Nuitka: Starting Python compilation with:
Nuitka:   Version '2.7.16' on Python 3.13 (flavor 'Homebrew Python') commercial grade 'not installed'.
Nuitka-Plugins:pyside6: Unwanted import of 'PyQt6' that conflicts with 'PySide6' encountered, preventing its inclusion. As a result an "ImportError" might be given at run time. Uninstall the module it for fully compatible behavior with the uncompiled code.
Nuitka-Plugins:anti-bloat: Not including '_bisect' automatically in order to avoid bloat, but this may cause: may slow down by using fallback implementation.
Nuitka-Plugins:anti-bloat: Not including 'socket' automatically in order to avoid bloat, but this may cause: can break calls of 'email.utils.make_msgid()'.
Nuitka-Plugins:anti-bloat: Not including '_json' automatically in order to avoid bloat, but this may cause: may slow down by using fallback implementation.
Nuitka: Completed Python level compilation and optimization.
Nuitka: Generating source code for C backend compiler.
Nuitka: Running data composer tool for optimal constant value handling.
Nuitka: Running C compilation via Scons.
Nuitka-Scons: Backend C compiler: clang (clang 17.0.0).
Nuitka-Scons: Backend C linking with 109 files (no progress information available for this stage).
Nuitka-Scons: Compiled 109 C files using ccache.
Nuitka-Scons: Cached C files (using ccache) with result 'cache hit': 3
Nuitka-Scons: Cached C files (using ccache) with result 'cache miss': 106
Nuitka-Plugins:pyside6: Including Qt plugins 'iconengines,imageformats,platforms,styles,tls' below 'PySide6/qt-plugins'.
Nuitka: Keeping build directory 'dist_nuitka/image_group_navigator_pyside6.build'.
Nuitka: Created binary that runs on macOS 26.0 (arm64) or higher.
Nuitka: Successfully created 'dist_nuitka/image_group_navigator_pyside6.app/Contents/MacOS/image_group_navigator_pyside6'.
